# JRE version: OpenJDK Runtime Environment (8.0_45-b14) (build 1.8.0_45-internal-b14)
# Java VM: OpenJDK 64-Bit Server VM (25.45-b02 mixed mode linux-amd64 compressed oops)
Heap:
 PSYoungGen      total 68096K, used 6656K [0x00000000ec300000, 0x00000000f0c00000, 0x0000000100000000)
  eden space 61440K, 0% used [0x00000000ec300000,0x00000000ec300000,0x00000000eff00000)
  from space 6656K, 100% used [0x00000000eff00000,0x00000000f0580000,0x00000000f0580000)
  to   space 6656K, 0% used [0x00000000f0580000,0x00000000f0580000,0x00000000f0c00000)
 ParOldGen       total 40960K, used 10054K [0x00000000c4800000, 0x00000000c7000000, 0x00000000ec300000)
  object space 40960K, 24% used [0x00000000c4800000,0x00000000c51d1b68,0x00000000c7000000)
 Metaspace       used 16422K, capacity 16936K, committed 17280K, reserved 1064960K
  class space    used 1887K, capacity 2065K, committed 2176K, reserved 1048576K
GC Heap History (10 events):
Event: 1,216 GC heap after
Heap after GC invocations=2 (full 0):
 PSYoungGen      total 17920K, used 2535K [0x00000000ec300000, 0x00000000ed700000, 0x0000000100000000)
  eden space 15360K, 0% used [0x00000000ec300000,0x00000000ec300000,0x00000000ed200000)
  from space 2560K, 99% used [0x00000000ed480000,0x00000000ed6f9ce0,0x00000000ed700000)
  to   space 2560K, 0% used [0x00000000ed200000,0x00000000ed200000,0x00000000ed480000)
 ParOldGen       total 40960K, used 385K [0x00000000c4800000, 0x00000000c7000000, 0x00000000ec300000)
  object space 40960K, 0% used [0x00000000c4800000,0x00000000c4860720,0x00000000c7000000)
 Metaspace       used 7581K, capacity 7768K, committed 7936K, reserved 1056768K
  class space    used 907K, capacity 956K, committed 1024K, reserved 1048576K
}
Event: 1,469 GC heap before
{Heap before GC invocations=3 (full 0):
 PSYoungGen      total 17920K, used 17895K [0x00000000ec300000, 0x00000000ed700000, 0x0000000100000000)
  eden space 15360K, 100% used [0x00000000ec300000,0x00000000ed200000,0x00000000ed200000)
  from space 2560K, 99% used [0x00000000ed480000,0x00000000ed6f9ce0,0x00000000ed700000)
  to   space 2560K, 0% used [0x00000000ed200000,0x00000000ed200000,0x00000000ed480000)
 ParOldGen       total 40960K, used 385K [0x00000000c4800000, 0x00000000c7000000, 0x00000000ec300000)
  object space 40960K, 0% used [0x00000000c4800000,0x00000000c4860720,0x00000000c7000000)
 Metaspace       used 8532K, capacity 8734K, committed 8832K, reserved 1056768K
  class space    used 1026K, capacity 1085K, committed 1152K, reserved 1048576K
Event: 1,475 GC heap after
Heap after GC invocations=3 (full 0):
 PSYoungGen      total 17920K, used 2551K [0x00000000ec300000, 0x00000000ee600000, 0x0000000100000000)
  eden space 15360K, 0% used [0x00000000ec300000,0x00000000ec300000,0x00000000ed200000)
  from space 2560K, 99% used [0x00000000ed200000,0x00000000ed47dde8,0x00000000ed480000)
  to   space 2560K, 0% used [0x00000000ee380000,0x00000000ee380000,0x00000000ee600000)
 ParOldGen       total 40960K, used 1059K [0x00000000c4800000, 0x00000000c7000000, 0x00000000ec300000)
  object space 40960K, 2% used [0x00000000c4800000,0x00000000c4908d18,0x00000000c7000000)
 Metaspace       used 8532K, capacity 8734K, committed 8832K, reserved 1056768K
  class space    used 1026K, capacity 1085K, committed 1152K, reserved 1048576K
}
Event: 1,722 GC heap before
{Heap before GC invocations=4 (full 0):
 PSYoungGen      total 17920K, used 17911K [0x00000000ec300000, 0x00000000ee600000, 0x0000000100000000)
  eden space 15360K, 100% used [0x00000000ec300000,0x00000000ed200000,0x00000000ed200000)
  from space 2560K, 99% used [0x00000000ed200000,0x00000000ed47dde8,0x00000000ed480000)
  to   space 2560K, 0% used [0x00000000ee380000,0x00000000ee380000,0x00000000ee600000)
 ParOldGen       total 40960K, used 1059K [0x00000000c4800000, 0x00000000c7000000, 0x00000000ec300000)
  object space 40960K, 2% used [0x00000000c4800000,0x00000000c4908d18,0x00000000c7000000)
 Metaspace       used 10454K, capacity 10682K, committed 10880K, reserved 1058816K
  class space    used 1261K, capacity 1351K, committed 1408K, reserved 1048576K
Event: 1,729 GC heap after
Heap after GC invocations=4 (full 0):
 PSYoungGen      total 33280K, used 2544K [0x00000000ec300000, 0x00000000ee600000, 0x0000000100000000)
  eden space 30720K, 0% used [0x00000000ec300000,0x00000000ec300000,0x00000000ee100000)
  from space 2560K, 99% used [0x00000000ee380000,0x00000000ee5fc010,0x00000000ee600000)
  to   space 2560K, 0% used [0x00000000ee100000,0x00000000ee100000,0x00000000ee380000)
 ParOldGen       total 40960K, used 2816K [0x00000000c4800000, 0x00000000c7000000, 0x00000000ec300000)
  object space 40960K, 6% used [0x00000000c4800000,0x00000000c4ac01a8,0x00000000c7000000)
 Metaspace       used 10454K, capacity 10682K, committed 10880K, reserved 1058816K
  class space    used 1261K, capacity 1351K, committed 1408K, reserved 1048576K
}
Event: 2,921 GC heap before
{Heap before GC invocations=5 (full 0):
 PSYoungGen      total 33280K, used 33264K [0x00000000ec300000, 0x00000000ee600000, 0x0000000100000000)
  eden space 30720K, 100% used [0x00000000ec300000,0x00000000ee100000,0x00000000ee100000)
  from space 2560K, 99% used [0x00000000ee380000,0x00000000ee5fc010,0x00000000ee600000)
  to   space 2560K, 0% used [0x00000000ee100000,0x00000000ee100000,0x00000000ee380000)
 ParOldGen       total 40960K, used 2816K [0x00000000c4800000, 0x00000000c7000000, 0x00000000ec300000)
  object space 40960K, 6% used [0x00000000c4800000,0x00000000c4ac01a8,0x00000000c7000000)
 Metaspace       used 14145K, capacity 14368K, committed 14592K, reserved 1062912K
  class space    used 1702K, capacity 1778K, committed 1792K, reserved 1048576K
Event: 2,933 GC heap after
Heap after GC invocations=5 (full 0):
 PSYoungGen      total 33280K, used 2560K [0x00000000ec300000, 0x00000000f0c00000, 0x0000000100000000)
  eden space 30720K, 0% used [0x00000000ec300000,0x00000000ec300000,0x00000000ee100000)
  from space 2560K, 100% used [0x00000000ee100000,0x00000000ee380000,0x00000000ee380000)
  to   space 6656K, 0% used [0x00000000f0580000,0x00000000f0580000,0x00000000f0c00000)
 ParOldGen       total 40960K, used 7262K [0x00000000c4800000, 0x00000000c7000000, 0x00000000ec300000)
  object space 40960K, 17% used [0x00000000c4800000,0x00000000c4f17830,0x00000000c7000000)
 Metaspace       used 14145K, capacity 14368K, committed 14592K, reserved 1062912K
  class space    used 1702K, capacity 1778K, committed 1792K, reserved 1048576K
}
Event: 3,750 GC heap before
{Heap before GC invocations=6 (full 0):
 PSYoungGen      total 33280K, used 33280K [0x00000000ec300000, 0x00000000f0c00000, 0x0000000100000000)
  eden space 30720K, 100% used [0x00000000ec300000,0x00000000ee100000,0x00000000ee100000)
  from space 2560K, 100% used [0x00000000ee100000,0x00000000ee380000,0x00000000ee380000)
  to   space 6656K, 0% used [0x00000000f0580000,0x00000000f0580000,0x00000000f0c00000)
 ParOldGen       total 40960K, used 7262K [0x00000000c4800000, 0x00000000c7000000, 0x00000000ec300000)
  object space 40960K, 17% used [0x00000000c4800000,0x00000000c4f17830,0x00000000c7000000)
 Metaspace       used 14573K, capacity 14856K, committed 14976K, reserved 1062912K
  class space    used 1729K, capacity 1822K, committed 1920K, reserved 1048576K
Event: 3,768 GC heap after
Heap after GC invocations=6 (full 0):
 PSYoungGen      total 68096K, used 4721K [0x00000000ec300000, 0x00000000f0c00000, 0x0000000100000000)
  eden space 61440K, 0% used [0x00000000ec300000,0x00000000ec300000,0x00000000eff00000)
  from space 6656K, 70% used [0x00000000f0580000,0x00000000f0a1c448,0x00000000f0c00000)
  to   space 6656K, 0% used [0x00000000eff00000,0x00000000eff00000,0x00000000f0580000)
 ParOldGen       total 40960K, used 7270K [0x00000000c4800000, 0x00000000c7000000, 0x00000000ec300000)
  object space 40960K, 17% used [0x00000000c4800000,0x00000000c4f19830,0x00000000c7000000)
 Metaspace       used 14573K, capacity 14856K, committed 14976K, reserved 1062912K
  class space    used 1729K, capacity 1822K, committed 1920K, reserved 1048576K
}
Event: 6,142 GC heap before
{Heap before GC invocations=7 (full 0):
 PSYoungGen      total 68096K, used 66161K [0x00000000ec300000, 0x00000000f0c00000, 0x0000000100000000)
  eden space 61440K, 100% used [0x00000000ec300000,0x00000000eff00000,0x00000000eff00000)
  from space 6656K, 70% used [0x00000000f0580000,0x00000000f0a1c448,0x00000000f0c00000)
  to   space 6656K, 0% used [0x00000000eff00000,0x00000000eff00000,0x00000000f0580000)
 ParOldGen       total 40960K, used 7270K [0x00000000c4800000, 0x00000000c7000000, 0x00000000ec300000)
  object space 40960K, 17% used [0x00000000c4800000,0x00000000c4f19830,0x00000000c7000000)
 Metaspace       used 16422K, capacity 16936K, committed 17280K, reserved 1064960K
  class space    used 1887K, capacity 2065K, committed 2176K, reserved 1048576K

